<?xml version="1.0" encoding="UTF-8"?>
<!-- Generated by org.testng.reporters.JUnitReportReporter -->
<testsuite hostname="Gopi" failures="0" tests="1" name="TestCases.TC01_DemoQAHomePageTest" time="5.258" errors="0" timestamp="2024-03-10T14:34:35 IST" skipped="0">
  <testcase classname="TestCases.TC01_DemoQAHomePageTest" name="Elements" time="5.258"/>
</testsuite> <!-- TestCases.TC01_DemoQAHomePageTest -->
