<?xml version="1.0" encoding="UTF-8"?>
<!-- Generated by org.testng.reporters.JUnitReportReporter -->
<testsuite hostname="Gopi" failures="0" tests="1" name="TestCases.TC01_DemoQAHomePageTest" time="5.358" errors="0" timestamp="2024-03-11T17:46:29 IST" skipped="0">
  <testcase classname="TestCases.TC01_DemoQAHomePageTest" name="Elements" time="5.358"/>
</testsuite> <!-- TestCases.TC01_DemoQAHomePageTest -->
