<?xml version="1.0" encoding="UTF-8"?>
<!-- Generated by org.testng.reporters.JUnitReportReporter -->
<testsuite hostname="Gopi" failures="0" tests="1" name="TestCases.TC02_TextBoxTest" time="24.080" errors="0" timestamp="2024-03-11T17:46:29 IST" skipped="0">
  <testcase classname="TestCases.TC02_TextBoxTest" name="testBox" time="24.080"/>
</testsuite> <!-- TestCases.TC02_TextBoxTest -->
